  Main.cpp
C:\Users\heide\Desktop\ICG\[ICG] Tarea #1 - 24981800\[ICG]Tarea1-24981800\src\Main.cpp(79,10): warning C4244: 'initializing': conversion from 'float' to 'int', possible loss of data
C:\Users\heide\Desktop\ICG\[ICG] Tarea #1 - 24981800\[ICG]Tarea1-24981800\src\Main.cpp(252,8): warning C4101: 'max': unreferenced local variable
C:\Users\heide\Desktop\ICG\[ICG] Tarea #1 - 24981800\[ICG]Tarea1-24981800\src\Main.cpp(251,18): warning C4101: 'FColor': unreferenced local variable
C:\Users\heide\Desktop\ICG\[ICG] Tarea #1 - 24981800\[ICG]Tarea1-24981800\src\Main.cpp(253,8): warning C4101: 'min': unreferenced local variable
C:\Users\heide\Desktop\ICG\[ICG] Tarea #1 - 24981800\[ICG]Tarea1-24981800\src\Main.cpp(351,8): warning C4215: nonstandard extension used: long float
C:\Users\heide\Desktop\ICG\[ICG] Tarea #1 - 24981800\[ICG]Tarea1-24981800\src\Main.cpp(352,8): warning C4215: nonstandard extension used: long float
C:\Users\heide\Desktop\ICG\[ICG] Tarea #1 - 24981800\[ICG]Tarea1-24981800\src\Main.cpp(353,55): warning C4244: 'argument': conversion from 'double' to 'float', possible loss of data
C:\Users\heide\Desktop\ICG\[ICG] Tarea #1 - 24981800\[ICG]Tarea1-24981800\src\Main.cpp(353,40): warning C4244: 'argument': conversion from 'double' to 'float', possible loss of data
C:\Users\heide\Desktop\ICG\[ICG] Tarea #1 - 24981800\[ICG]Tarea1-24981800\src\Main.cpp(354,55): warning C4244: 'argument': conversion from 'double' to 'float', possible loss of data
C:\Users\heide\Desktop\ICG\[ICG] Tarea #1 - 24981800\[ICG]Tarea1-24981800\src\Main.cpp(354,40): warning C4244: 'argument': conversion from 'double' to 'float', possible loss of data
C:\Users\heide\Desktop\ICG\[ICG] Tarea #1 - 24981800\[ICG]Tarea1-24981800\src\Main.cpp(355,60): warning C4244: 'argument': conversion from 'double' to 'float', possible loss of data
C:\Users\heide\Desktop\ICG\[ICG] Tarea #1 - 24981800\[ICG]Tarea1-24981800\src\Main.cpp(355,44): warning C4244: 'argument': conversion from 'double' to 'float', possible loss of data
C:\Users\heide\Desktop\ICG\[ICG] Tarea #1 - 24981800\[ICG]Tarea1-24981800\src\Main.cpp(356,60): warning C4244: 'argument': conversion from 'double' to 'float', possible loss of data
C:\Users\heide\Desktop\ICG\[ICG] Tarea #1 - 24981800\[ICG]Tarea1-24981800\src\Main.cpp(356,44): warning C4244: 'argument': conversion from 'double' to 'float', possible loss of data
C:\Users\heide\Desktop\ICG\[ICG] Tarea #1 - 24981800\[ICG]Tarea1-24981800\src\Main.cpp(358,56): warning C4244: 'argument': conversion from 'double' to 'float', possible loss of data
C:\Users\heide\Desktop\ICG\[ICG] Tarea #1 - 24981800\[ICG]Tarea1-24981800\src\Main.cpp(358,41): warning C4244: 'argument': conversion from 'double' to 'float', possible loss of data
C:\Users\heide\Desktop\ICG\[ICG] Tarea #1 - 24981800\[ICG]Tarea1-24981800\src\Main.cpp(360,8): warning C4244: '=': conversion from 'double' to 'float', possible loss of data
C:\Users\heide\Desktop\ICG\[ICG] Tarea #1 - 24981800\[ICG]Tarea1-24981800\src\Main.cpp(361,8): warning C4244: '=': conversion from 'double' to 'float', possible loss of data
  [ICG]Tarea1-24981800.vcxproj -> C:\Users\heide\Desktop\ICG\[ICG] Tarea #1 - 24981800\[ICG]Tarea1-24981800\x64\Debug\[ICG]Tarea1-24981800.exe
